app/build/intermediates/manifest_merge_blame_file/debug/manifest-merger-blame-debug-report.txt
1<?xml version="1.0" encoding="utf-8"?>
2<manifest xmlns:android="http://schemas.android.com/apk/res/android"
3    package="com.example.hospitals"
4    android:versionCode="1"
5    android:versionName="1.0" >
6
7    <uses-sdk
8        android:minSdkVersion="24"
9        android:targetSdkVersion="34" />
10
11    <uses-feature
11-->src\main\AndroidManifest.xml:5:5-7:36
12        android:name="android.hardware.telephony"
12-->src\main\AndroidManifest.xml:6:9-50
13        android:required="false" />
13-->src\main\AndroidManifest.xml:7:9-33
14
15    <uses-permission android:name="android.permission.ACCESS_FINE_LOCATION" />
15-->src\main\AndroidManifest.xml:9:5-79
15-->src\main\AndroidManifest.xml:9:22-76
16    <uses-permission android:name="android.permission.ACCESS_COARSE_LOCATION" />
16-->src\main\AndroidManifest.xml:10:5-81
16-->src\main\AndroidManifest.xml:10:22-78
17    <uses-permission android:name="android.permission.INTERNET" />
17-->src\main\AndroidManifest.xml:11:5-67
17-->src\main\AndroidManifest.xml:11:22-64
18    <uses-permission android:name="android.permission.CALL_PHONE" />
18-->src\main\AndroidManifest.xml:12:5-69
18-->src\main\AndroidManifest.xml:12:22-66
19    <uses-permission android:name="android.permission.CALL_PHONE" />
19-->src\main\AndroidManifest.xml:12:5-69
19-->src\main\AndroidManifest.xml:12:22-66
20    <uses-permission android:name="android.permission.ACCESS_NETWORK_STATE" />
20-->src\main\AndroidManifest.xml:14:5-79
20-->src\main\AndroidManifest.xml:14:22-76
21    <uses-permission android:name="android.permission.ACCESS_WIFI_STATE" />
21-->src\main\AndroidManifest.xml:15:5-76
21-->src\main\AndroidManifest.xml:15:22-73
22    <uses-permission android:name="android.permission.CALL_PHONE" />
22-->src\main\AndroidManifest.xml:12:5-69
22-->src\main\AndroidManifest.xml:12:22-66
23    <uses-permission android:name="android.permission.READ_EXTERNAL_STORAGE" />
23-->src\main\AndroidManifest.xml:17:5-80
23-->src\main\AndroidManifest.xml:17:22-77
24
25    <meta-data
25-->src\main\AndroidManifest.xml:19:5-21:67
26        android:name="com.google.android.geo.API_KEY"
26-->src\main\AndroidManifest.xml:20:9-54
27        android:value="AIzaSyAyKCbKaWCCL9fe2NGA1Q0wWpdSEXSyQaY" />
27-->src\main\AndroidManifest.xml:21:9-64
28    <meta-data
28-->src\main\AndroidManifest.xml:22:5-24:51
29        android:name="com.facebook.sdk.ApplicationId"
29-->src\main\AndroidManifest.xml:23:9-54
30        android:value="@string/facebook_app_id" />
30-->src\main\AndroidManifest.xml:24:9-48
31
32    <queries>
32-->[com.facebook.android:facebook-common:17.0.0] AndroidManifest.xml:17:5-19:15
33        <package android:name="com.facebook.katana" />
33-->[com.facebook.android:facebook-common:17.0.0] AndroidManifest.xml:18:9-55
33-->[com.facebook.android:facebook-common:17.0.0] AndroidManifest.xml:18:18-52
34        <!-- Needs to be explicitly declared on Android R+ -->
35        <package android:name="com.google.android.apps.maps" />
35-->[com.google.android.gms:play-services-maps:18.2.0] AndroidManifest.xml:33:9-64
35-->[com.google.android.gms:play-services-maps:18.2.0] AndroidManifest.xml:33:18-61
36    </queries>
37
38    <uses-feature
38-->[com.google.android.gms:play-services-maps:18.2.0] AndroidManifest.xml:26:5-28:35
39        android:glEsVersion="0x00020000"
39-->[com.google.android.gms:play-services-maps:18.2.0] AndroidManifest.xml:27:9-41
40        android:required="true" />
40-->[com.google.android.gms:play-services-maps:18.2.0] AndroidManifest.xml:28:9-32
41
42    <uses-permission android:name="com.google.android.providers.gsf.permission.READ_GSERVICES" />
42-->[com.google.android.recaptcha:recaptcha:18.4.0] AndroidManifest.xml:9:5-98
42-->[com.google.android.recaptcha:recaptcha:18.4.0] AndroidManifest.xml:9:22-95
43    <uses-permission android:name="com.google.android.gms.permission.AD_ID" />
43-->[com.facebook.android:facebook-core:17.0.0] AndroidManifest.xml:16:5-79
43-->[com.facebook.android:facebook-core:17.0.0] AndroidManifest.xml:16:22-76
44
45    <permission
45-->[androidx.core:core:1.13.0] AndroidManifest.xml:22:5-24:47
46        android:name="com.example.hospitals.DYNAMIC_RECEIVER_NOT_EXPORTED_PERMISSION"
46-->[androidx.core:core:1.13.0] AndroidManifest.xml:23:9-81
47        android:protectionLevel="signature" />
47-->[androidx.core:core:1.13.0] AndroidManifest.xml:24:9-44
48
49    <uses-permission android:name="com.example.hospitals.DYNAMIC_RECEIVER_NOT_EXPORTED_PERMISSION" />
49-->[androidx.core:core:1.13.0] AndroidManifest.xml:26:5-97
49-->[androidx.core:core:1.13.0] AndroidManifest.xml:26:22-94
50    <uses-permission android:name="com.google.android.finsky.permission.BIND_GET_INSTALL_REFERRER_SERVICE" />
50-->[com.android.installreferrer:installreferrer:1.0] AndroidManifest.xml:9:5-110
50-->[com.android.installreferrer:installreferrer:1.0] AndroidManifest.xml:9:22-107
51
52    <application
52-->src\main\AndroidManifest.xml:26:5-116:19
53        android:name="com.example.hospitals.MyApplication"
53-->src\main\AndroidManifest.xml:27:9-38
54        android:allowBackup="true"
54-->src\main\AndroidManifest.xml:28:9-35
55        android:appComponentFactory="androidx.core.app.CoreComponentFactory"
55-->[androidx.core:core:1.13.0] AndroidManifest.xml:28:18-86
56        android:dataExtractionRules="@xml/data_extraction_rules"
56-->src\main\AndroidManifest.xml:29:9-65
57        android:debuggable="true"
58        android:extractNativeLibs="false"
59        android:fullBackupContent="@xml/backup_rules"
59-->src\main\AndroidManifest.xml:30:9-54
60        android:icon="@mipmap/ic_launcher"
60-->src\main\AndroidManifest.xml:31:9-43
61        android:label="@string/app_name"
61-->src\main\AndroidManifest.xml:32:9-41
62        android:roundIcon="@mipmap/ic_launcher_round"
62-->src\main\AndroidManifest.xml:33:9-54
63        android:supportsRtl="true"
63-->src\main\AndroidManifest.xml:34:9-35
64        android:testOnly="true"
65        android:theme="@style/Theme.Hospitals" >
65-->src\main\AndroidManifest.xml:35:9-47
66        <activity
66-->src\main\AndroidManifest.xml:37:9-39:40
67            android:name="com.example.hospitals.signup.SignUpActivity"
67-->src\main\AndroidManifest.xml:38:13-50
68            android:exported="false" />
68-->src\main\AndroidManifest.xml:39:13-37
69        <activity
69-->src\main\AndroidManifest.xml:40:9-42:40
70            android:name="com.example.hospitals.login.SignInActivity"
70-->src\main\AndroidManifest.xml:41:13-49
71            android:exported="false" />
71-->src\main\AndroidManifest.xml:42:13-37
72
73        <meta-data
73-->src\main\AndroidManifest.xml:22:5-24:51
74            android:name="com.facebook.sdk.ApplicationId"
74-->src\main\AndroidManifest.xml:23:9-54
75            android:value="@string/facebook_app_id" />
75-->src\main\AndroidManifest.xml:24:9-48
76        <meta-data
76-->src\main\AndroidManifest.xml:47:9-49:61
77            android:name="com.facebook.sdk.ClientToken"
77-->src\main\AndroidManifest.xml:48:13-56
78            android:value="@string/facebook_client_token" />
78-->src\main\AndroidManifest.xml:49:13-58
79
80        <activity
80-->src\main\AndroidManifest.xml:51:9-54:48
81            android:name="com.facebook.FacebookActivity"
81-->src\main\AndroidManifest.xml:52:13-57
82            android:configChanges="keyboard|keyboardHidden|screenLayout|screenSize|orientation"
82-->src\main\AndroidManifest.xml:53:13-96
83            android:label="@string/app_name"
83-->src\main\AndroidManifest.xml:54:13-45
84            android:theme="@style/com_facebook_activity_theme" />
84-->[com.facebook.android:facebook-common:17.0.0] AndroidManifest.xml:25:13-63
85        <activity
85-->src\main\AndroidManifest.xml:55:9-66:20
86            android:name="com.facebook.CustomTabActivity"
86-->src\main\AndroidManifest.xml:56:13-58
87            android:exported="true" >
87-->src\main\AndroidManifest.xml:57:13-36
88            <intent-filter>
88-->src\main\AndroidManifest.xml:58:13-65:29
89                <action android:name="android.intent.action.VIEW" />
89-->src\main\AndroidManifest.xml:59:17-69
89-->src\main\AndroidManifest.xml:59:25-66
90
91                <category android:name="android.intent.category.DEFAULT" />
91-->src\main\AndroidManifest.xml:61:17-76
91-->src\main\AndroidManifest.xml:61:27-73
92                <category android:name="android.intent.category.BROWSABLE" />
92-->src\main\AndroidManifest.xml:62:17-78
92-->src\main\AndroidManifest.xml:62:27-75
93
94                <data android:scheme="@string/fb_login_protocol_scheme" />
94-->src\main\AndroidManifest.xml:64:17-75
94-->src\main\AndroidManifest.xml:64:23-72
95            </intent-filter>
96            <intent-filter>
96-->[com.facebook.android:facebook-common:17.0.0] AndroidManifest.xml:31:13-40:29
97                <action android:name="android.intent.action.VIEW" />
97-->src\main\AndroidManifest.xml:59:17-69
97-->src\main\AndroidManifest.xml:59:25-66
98
99                <category android:name="android.intent.category.DEFAULT" />
99-->src\main\AndroidManifest.xml:61:17-76
99-->src\main\AndroidManifest.xml:61:27-73
100                <category android:name="android.intent.category.BROWSABLE" />
100-->src\main\AndroidManifest.xml:62:17-78
100-->src\main\AndroidManifest.xml:62:27-75
101
102                <data
102-->src\main\AndroidManifest.xml:64:17-75
103                    android:host="cct.com.example.hospitals"
104                    android:scheme="fbconnect" />
104-->src\main\AndroidManifest.xml:64:23-72
105            </intent-filter>
106        </activity>
107        <activity
107-->src\main\AndroidManifest.xml:67:9-69:40
108            android:name="com.example.hospitals.adminpanel.DeleteProductActivity"
108-->src\main\AndroidManifest.xml:68:13-61
109            android:exported="false" />
109-->src\main\AndroidManifest.xml:69:13-37
110        <activity
110-->src\main\AndroidManifest.xml:70:9-72:40
111            android:name="com.example.hospitals.adminpanel.AddProductActivity"
111-->src\main\AndroidManifest.xml:71:13-58
112            android:exported="false" />
112-->src\main\AndroidManifest.xml:72:13-37
113        <activity
113-->src\main\AndroidManifest.xml:73:9-75:40
114            android:name="com.example.hospitals.ChatActivity"
114-->src\main\AndroidManifest.xml:74:13-41
115            android:exported="false" />
115-->src\main\AndroidManifest.xml:75:13-37
116        <activity
116-->src\main\AndroidManifest.xml:76:9-78:40
117            android:name="com.example.hospitals.PrivacyPolicyActivity"
117-->src\main\AndroidManifest.xml:77:13-50
118            android:exported="false" />
118-->src\main\AndroidManifest.xml:78:13-37
119        <activity
119-->src\main\AndroidManifest.xml:79:9-81:40
120            android:name="com.example.hospitals.HomeActivity"
120-->src\main\AndroidManifest.xml:80:13-41
121            android:exported="false" />
121-->src\main\AndroidManifest.xml:81:13-37
122        <activity
122-->src\main\AndroidManifest.xml:82:9-84:40
123            android:name="com.example.hospitals.LoginActivity"
123-->src\main\AndroidManifest.xml:83:13-42
124            android:exported="false" />
124-->src\main\AndroidManifest.xml:84:13-37
125        <activity
125-->src\main\AndroidManifest.xml:85:9-93:20
126            android:name="com.example.hospitals.SplashScreen"
126-->src\main\AndroidManifest.xml:86:13-41
127            android:exported="true" >
127-->src\main\AndroidManifest.xml:87:13-36
128            <intent-filter>
128-->src\main\AndroidManifest.xml:88:13-92:29
129                <action android:name="android.intent.action.MAIN" />
129-->src\main\AndroidManifest.xml:89:17-69
129-->src\main\AndroidManifest.xml:89:25-66
130
131                <category android:name="android.intent.category.LAUNCHER" />
131-->src\main\AndroidManifest.xml:91:17-77
131-->src\main\AndroidManifest.xml:91:27-74
132            </intent-filter>
133        </activity>
134        <!--
135             TODO: Before you run your application, you need a Google Maps API key.
136
137             To get one, follow the directions here:
138
139                https://developers.google.com/maps/documentation/android-sdk/get-api-key
140
141             Once you have your API key (it starts with "AIza"), define a new property in your
142             project's local.properties file (e.g. MAPS_API_KEY=Aiza...), and replace the
143             "YOUR_API_KEY" string in this file with "${MAPS_API_KEY}".
144        -->
145        <meta-data
145-->src\main\AndroidManifest.xml:19:5-21:67
146            android:name="com.google.android.geo.API_KEY"
146-->src\main\AndroidManifest.xml:20:9-54
147            android:value="YOUR_API_KEY" />
147-->src\main\AndroidManifest.xml:21:9-64
148
149        <activity
149-->src\main\AndroidManifest.xml:109:9-112:59
150            android:name="com.example.hospitals.MapsActivity"
150-->src\main\AndroidManifest.xml:110:13-41
151            android:exported="false"
151-->src\main\AndroidManifest.xml:111:13-37
152            android:label="@string/title_activity_maps" />
152-->src\main\AndroidManifest.xml:112:13-56
153        <activity
153-->src\main\AndroidManifest.xml:113:9-115:40
154            android:name="com.example.hospitals.MainActivity"
154-->src\main\AndroidManifest.xml:114:13-41
155            android:exported="false" />
155-->src\main\AndroidManifest.xml:115:13-37
156        <activity android:name="com.facebook.CustomTabMainActivity" /> <!-- Needs to be explicitly declared on P+ -->
156-->[com.facebook.android:facebook-common:17.0.0] AndroidManifest.xml:26:9-71
156-->[com.facebook.android:facebook-common:17.0.0] AndroidManifest.xml:26:19-68
157        <uses-library
157-->[com.google.android.gms:play-services-maps:18.2.0] AndroidManifest.xml:39:9-41:40
158            android:name="org.apache.http.legacy"
158-->[com.google.android.gms:play-services-maps:18.2.0] AndroidManifest.xml:40:13-50
159            android:required="false" />
159-->[com.google.android.gms:play-services-maps:18.2.0] AndroidManifest.xml:41:13-37
160
161        <activity
161-->[com.google.android.gms:play-services-auth:21.0.0] AndroidManifest.xml:23:9-27:75
162            android:name="com.google.android.gms.auth.api.signin.internal.SignInHubActivity"
162-->[com.google.android.gms:play-services-auth:21.0.0] AndroidManifest.xml:24:13-93
163            android:excludeFromRecents="true"
163-->[com.google.android.gms:play-services-auth:21.0.0] AndroidManifest.xml:25:13-46
164            android:exported="false"
164-->[com.google.android.gms:play-services-auth:21.0.0] AndroidManifest.xml:26:13-37
165            android:theme="@android:style/Theme.Translucent.NoTitleBar" />
165-->[com.google.android.gms:play-services-auth:21.0.0] AndroidManifest.xml:27:13-72
166        <!--
167            Service handling Google Sign-In user revocation. For apps that do not integrate with
168            Google Sign-In, this service will never be started.
169        -->
170        <service
170-->[com.google.android.gms:play-services-auth:21.0.0] AndroidManifest.xml:33:9-37:51
171            android:name="com.google.android.gms.auth.api.signin.RevocationBoundService"
171-->[com.google.android.gms:play-services-auth:21.0.0] AndroidManifest.xml:34:13-89
172            android:exported="true"
172-->[com.google.android.gms:play-services-auth:21.0.0] AndroidManifest.xml:35:13-36
173            android:permission="com.google.android.gms.auth.api.signin.permission.REVOCATION_NOTIFICATION"
173-->[com.google.android.gms:play-services-auth:21.0.0] AndroidManifest.xml:36:13-107
174            android:visibleToInstantApps="true" />
174-->[com.google.android.gms:play-services-auth:21.0.0] AndroidManifest.xml:37:13-48
175
176        <activity
176-->[com.google.firebase:firebase-auth:22.3.1] AndroidManifest.xml:29:9-46:20
177            android:name="com.google.firebase.auth.internal.GenericIdpActivity"
177-->[com.google.firebase:firebase-auth:22.3.1] AndroidManifest.xml:30:13-80
178            android:excludeFromRecents="true"
178-->[com.google.firebase:firebase-auth:22.3.1] AndroidManifest.xml:31:13-46
179            android:exported="true"
179-->[com.google.firebase:firebase-auth:22.3.1] AndroidManifest.xml:32:13-36
180            android:launchMode="singleTask"
180-->[com.google.firebase:firebase-auth:22.3.1] AndroidManifest.xml:33:13-44
181            android:theme="@android:style/Theme.Translucent.NoTitleBar" >
181-->[com.google.firebase:firebase-auth:22.3.1] AndroidManifest.xml:34:13-72
182            <intent-filter>
182-->[com.google.firebase:firebase-auth:22.3.1] AndroidManifest.xml:35:13-45:29
183                <action android:name="android.intent.action.VIEW" />
183-->src\main\AndroidManifest.xml:59:17-69
183-->src\main\AndroidManifest.xml:59:25-66
184
185                <category android:name="android.intent.category.DEFAULT" />
185-->src\main\AndroidManifest.xml:61:17-76
185-->src\main\AndroidManifest.xml:61:27-73
186                <category android:name="android.intent.category.BROWSABLE" />
186-->src\main\AndroidManifest.xml:62:17-78
186-->src\main\AndroidManifest.xml:62:27-75
187
188                <data
188-->src\main\AndroidManifest.xml:64:17-75
189                    android:host="firebase.auth"
190                    android:path="/"
191                    android:scheme="genericidp" />
191-->src\main\AndroidManifest.xml:64:23-72
192            </intent-filter>
193        </activity>
194        <activity
194-->[com.google.firebase:firebase-auth:22.3.1] AndroidManifest.xml:47:9-64:20
195            android:name="com.google.firebase.auth.internal.RecaptchaActivity"
195-->[com.google.firebase:firebase-auth:22.3.1] AndroidManifest.xml:48:13-79
196            android:excludeFromRecents="true"
196-->[com.google.firebase:firebase-auth:22.3.1] AndroidManifest.xml:49:13-46
197            android:exported="true"
197-->[com.google.firebase:firebase-auth:22.3.1] AndroidManifest.xml:50:13-36
198            android:launchMode="singleTask"
198-->[com.google.firebase:firebase-auth:22.3.1] AndroidManifest.xml:51:13-44
199            android:theme="@android:style/Theme.Translucent.NoTitleBar" >
199-->[com.google.firebase:firebase-auth:22.3.1] AndroidManifest.xml:52:13-72
200            <intent-filter>
200-->[com.google.firebase:firebase-auth:22.3.1] AndroidManifest.xml:53:13-63:29
201                <action android:name="android.intent.action.VIEW" />
201-->src\main\AndroidManifest.xml:59:17-69
201-->src\main\AndroidManifest.xml:59:25-66
202
203                <category android:name="android.intent.category.DEFAULT" />
203-->src\main\AndroidManifest.xml:61:17-76
203-->src\main\AndroidManifest.xml:61:27-73
204                <category android:name="android.intent.category.BROWSABLE" />
204-->src\main\AndroidManifest.xml:62:17-78
204-->src\main\AndroidManifest.xml:62:27-75
205
206                <data
206-->src\main\AndroidManifest.xml:64:17-75
207                    android:host="firebase.auth"
208                    android:path="/"
209                    android:scheme="recaptcha" />
209-->src\main\AndroidManifest.xml:64:23-72
210            </intent-filter>
211        </activity>
212
213        <service
213-->[com.google.firebase:firebase-auth:22.3.1] AndroidManifest.xml:66:9-72:19
214            android:name="com.google.firebase.components.ComponentDiscoveryService"
214-->[com.google.firebase:firebase-auth:22.3.1] AndroidManifest.xml:67:13-84
215            android:directBootAware="true"
215-->[com.google.firebase:firebase-common:20.4.2] AndroidManifest.xml:32:13-43
216            android:exported="false" >
216-->[com.google.firebase:firebase-auth:22.3.1] AndroidManifest.xml:68:13-37
217            <meta-data
217-->[com.google.firebase:firebase-auth:22.3.1] AndroidManifest.xml:69:13-71:85
218                android:name="com.google.firebase.components:com.google.firebase.auth.FirebaseAuthRegistrar"
218-->[com.google.firebase:firebase-auth:22.3.1] AndroidManifest.xml:70:17-109
219                android:value="com.google.firebase.components.ComponentRegistrar" />
219-->[com.google.firebase:firebase-auth:22.3.1] AndroidManifest.xml:71:17-82
220            <meta-data
220-->[com.google.firebase:firebase-firestore:24.10.2] AndroidManifest.xml:17:13-19:85
221                android:name="com.google.firebase.components:com.google.firebase.firestore.FirebaseFirestoreKtxRegistrar"
221-->[com.google.firebase:firebase-firestore:24.10.2] AndroidManifest.xml:18:17-122
222                android:value="com.google.firebase.components.ComponentRegistrar" />
222-->[com.google.firebase:firebase-firestore:24.10.2] AndroidManifest.xml:19:17-82
223            <meta-data
223-->[com.google.firebase:firebase-firestore:24.10.2] AndroidManifest.xml:20:13-22:85
224                android:name="com.google.firebase.components:com.google.firebase.firestore.FirestoreRegistrar"
224-->[com.google.firebase:firebase-firestore:24.10.2] AndroidManifest.xml:21:17-111
225                android:value="com.google.firebase.components.ComponentRegistrar" />
225-->[com.google.firebase:firebase-firestore:24.10.2] AndroidManifest.xml:22:17-82
226            <meta-data
226-->[com.google.firebase:firebase-storage:20.3.0] AndroidManifest.xml:30:13-32:85
227                android:name="com.google.firebase.components:com.google.firebase.storage.FirebaseStorageKtxRegistrar"
227-->[com.google.firebase:firebase-storage:20.3.0] AndroidManifest.xml:31:17-118
228                android:value="com.google.firebase.components.ComponentRegistrar" />
228-->[com.google.firebase:firebase-storage:20.3.0] AndroidManifest.xml:32:17-82
229            <meta-data
229-->[com.google.firebase:firebase-storage:20.3.0] AndroidManifest.xml:33:13-35:85
230                android:name="com.google.firebase.components:com.google.firebase.storage.StorageRegistrar"
230-->[com.google.firebase:firebase-storage:20.3.0] AndroidManifest.xml:34:17-107
231                android:value="com.google.firebase.components.ComponentRegistrar" />
231-->[com.google.firebase:firebase-storage:20.3.0] AndroidManifest.xml:35:17-82
232            <meta-data
232-->[com.google.firebase:firebase-appcheck:17.1.2] AndroidManifest.xml:25:13-27:85
233                android:name="com.google.firebase.components:com.google.firebase.appcheck.FirebaseAppCheckKtxRegistrar"
233-->[com.google.firebase:firebase-appcheck:17.1.2] AndroidManifest.xml:26:17-120
234                android:value="com.google.firebase.components.ComponentRegistrar" />
234-->[com.google.firebase:firebase-appcheck:17.1.2] AndroidManifest.xml:27:17-82
235            <meta-data
235-->[com.google.firebase:firebase-appcheck:17.1.2] AndroidManifest.xml:28:13-30:85
236                android:name="com.google.firebase.components:com.google.firebase.appcheck.FirebaseAppCheckRegistrar"
236-->[com.google.firebase:firebase-appcheck:17.1.2] AndroidManifest.xml:29:17-117
237                android:value="com.google.firebase.components.ComponentRegistrar" />
237-->[com.google.firebase:firebase-appcheck:17.1.2] AndroidManifest.xml:30:17-82
238            <meta-data
238-->[com.google.firebase:firebase-common-ktx:20.4.2] AndroidManifest.xml:12:13-14:85
239                android:name="com.google.firebase.components:com.google.firebase.ktx.FirebaseCommonLegacyRegistrar"
239-->[com.google.firebase:firebase-common-ktx:20.4.2] AndroidManifest.xml:13:17-116
240                android:value="com.google.firebase.components.ComponentRegistrar" />
240-->[com.google.firebase:firebase-common-ktx:20.4.2] AndroidManifest.xml:14:17-82
241            <meta-data
241-->[com.google.firebase:firebase-common:20.4.2] AndroidManifest.xml:35:13-37:85
242                android:name="com.google.firebase.components:com.google.firebase.FirebaseCommonKtxRegistrar"
242-->[com.google.firebase:firebase-common:20.4.2] AndroidManifest.xml:36:17-109
243                android:value="com.google.firebase.components.ComponentRegistrar" />
243-->[com.google.firebase:firebase-common:20.4.2] AndroidManifest.xml:37:17-82
244        </service>
245
246        <activity
246-->[com.google.android.gms:play-services-base:18.1.0] AndroidManifest.xml:20:9-22:45
247            android:name="com.google.android.gms.common.api.GoogleApiActivity"
247-->[com.google.android.gms:play-services-base:18.1.0] AndroidManifest.xml:20:19-85
248            android:exported="false"
248-->[com.google.android.gms:play-services-base:18.1.0] AndroidManifest.xml:22:19-43
249            android:theme="@android:style/Theme.Translucent.NoTitleBar" />
249-->[com.google.android.gms:play-services-base:18.1.0] AndroidManifest.xml:21:19-78
250
251        <provider
251-->[com.google.firebase:firebase-common:20.4.2] AndroidManifest.xml:23:9-28:39
252            android:name="com.google.firebase.provider.FirebaseInitProvider"
252-->[com.google.firebase:firebase-common:20.4.2] AndroidManifest.xml:24:13-77
253            android:authorities="com.example.hospitals.firebaseinitprovider"
253-->[com.google.firebase:firebase-common:20.4.2] AndroidManifest.xml:25:13-72
254            android:directBootAware="true"
254-->[com.google.firebase:firebase-common:20.4.2] AndroidManifest.xml:26:13-43
255            android:exported="false"
255-->[com.google.firebase:firebase-common:20.4.2] AndroidManifest.xml:27:13-37
256            android:initOrder="100" />
256-->[com.google.firebase:firebase-common:20.4.2] AndroidManifest.xml:28:13-36
257        <provider
257-->[androidx.emoji2:emoji2:1.2.0] AndroidManifest.xml:24:9-32:20
258            android:name="androidx.startup.InitializationProvider"
258-->[androidx.emoji2:emoji2:1.2.0] AndroidManifest.xml:25:13-67
259            android:authorities="com.example.hospitals.androidx-startup"
259-->[androidx.emoji2:emoji2:1.2.0] AndroidManifest.xml:26:13-68
260            android:exported="false" >
260-->[androidx.emoji2:emoji2:1.2.0] AndroidManifest.xml:27:13-37
261            <meta-data
261-->[androidx.emoji2:emoji2:1.2.0] AndroidManifest.xml:29:13-31:52
262                android:name="androidx.emoji2.text.EmojiCompatInitializer"
262-->[androidx.emoji2:emoji2:1.2.0] AndroidManifest.xml:30:17-75
263                android:value="androidx.startup" />
263-->[androidx.emoji2:emoji2:1.2.0] AndroidManifest.xml:31:17-49
264            <meta-data
264-->[androidx.lifecycle:lifecycle-process:2.6.2] AndroidManifest.xml:29:13-31:52
265                android:name="androidx.lifecycle.ProcessLifecycleInitializer"
265-->[androidx.lifecycle:lifecycle-process:2.6.2] AndroidManifest.xml:30:17-78
266                android:value="androidx.startup" />
266-->[androidx.lifecycle:lifecycle-process:2.6.2] AndroidManifest.xml:31:17-49
267            <meta-data
267-->[androidx.profileinstaller:profileinstaller:1.3.0] AndroidManifest.xml:29:13-31:52
268                android:name="androidx.profileinstaller.ProfileInstallerInitializer"
268-->[androidx.profileinstaller:profileinstaller:1.3.0] AndroidManifest.xml:30:17-85
269                android:value="androidx.startup" />
269-->[androidx.profileinstaller:profileinstaller:1.3.0] AndroidManifest.xml:31:17-49
270        </provider>
271        <!--
272         The initialization ContentProvider will call FacebookSdk.sdkInitialize automatically
273         with the application context. This config is merged in with the host app's manifest,
274         but there can only be one provider with the same authority activated at any given
275         point; so if the end user has two or more different apps that use Facebook SDK, only the
276         first one will be able to use the provider. To work around this problem, we use the
277         following placeholder in the authority to identify each host application as if it was
278         a completely different provider.
279        -->
280        <provider
280-->[com.facebook.android:facebook-core:17.0.0] AndroidManifest.xml:29:9-32:40
281            android:name="com.facebook.internal.FacebookInitProvider"
281-->[com.facebook.android:facebook-core:17.0.0] AndroidManifest.xml:30:13-70
282            android:authorities="com.example.hospitals.FacebookInitProvider"
282-->[com.facebook.android:facebook-core:17.0.0] AndroidManifest.xml:31:13-72
283            android:exported="false" />
283-->[com.facebook.android:facebook-core:17.0.0] AndroidManifest.xml:32:13-37
284
285        <receiver
285-->[com.facebook.android:facebook-core:17.0.0] AndroidManifest.xml:34:9-40:20
286            android:name="com.facebook.CurrentAccessTokenExpirationBroadcastReceiver"
286-->[com.facebook.android:facebook-core:17.0.0] AndroidManifest.xml:35:13-86
287            android:exported="false" >
287-->[com.facebook.android:facebook-core:17.0.0] AndroidManifest.xml:36:13-37
288            <intent-filter>
288-->[com.facebook.android:facebook-core:17.0.0] AndroidManifest.xml:37:13-39:29
289                <action android:name="com.facebook.sdk.ACTION_CURRENT_ACCESS_TOKEN_CHANGED" />
289-->[com.facebook.android:facebook-core:17.0.0] AndroidManifest.xml:38:17-95
289-->[com.facebook.android:facebook-core:17.0.0] AndroidManifest.xml:38:25-92
290            </intent-filter>
291        </receiver>
292        <receiver
292-->[com.facebook.android:facebook-core:17.0.0] AndroidManifest.xml:41:9-47:20
293            android:name="com.facebook.AuthenticationTokenManager$CurrentAuthenticationTokenChangedBroadcastReceiver"
293-->[com.facebook.android:facebook-core:17.0.0] AndroidManifest.xml:42:13-118
294            android:exported="false" >
294-->[com.facebook.android:facebook-core:17.0.0] AndroidManifest.xml:43:13-37
295            <intent-filter>
295-->[com.facebook.android:facebook-core:17.0.0] AndroidManifest.xml:44:13-46:29
296                <action android:name="com.facebook.sdk.ACTION_CURRENT_AUTHENTICATION_TOKEN_CHANGED" />
296-->[com.facebook.android:facebook-core:17.0.0] AndroidManifest.xml:45:17-103
296-->[com.facebook.android:facebook-core:17.0.0] AndroidManifest.xml:45:25-100
297            </intent-filter>
298        </receiver>
299
300        <meta-data